<?xml version="1.0" encoding="UTF-8"?>
<!-- Generated by org.testng.reporters.JUnitReportReporter -->
<testsuite skipped="0" hostname="DESKTOP-ISRA4DV" name="testng.Demo3" tests="1" failures="0" timestamp="25 Jan 2019 10:01:48 GMT" time="0.023" errors="0">
  <testcase name="run" time="0.023" classname="testng.Demo3"/>
</testsuite> <!-- testng.Demo3 -->
