<?xml version="1.0" encoding="UTF-8"?>
<!-- Generated by org.testng.reporters.JUnitReportReporter -->
<testsuite skipped="0" hostname="DESKTOP-ISRA4DV" name="testng.Demo2" tests="1" failures="0" timestamp="25 Jan 2019 10:36:45 GMT" time="0.000" errors="0">
  <testcase name="run" time="0.000" classname="testng.Demo2"/>
</testsuite> <!-- testng.Demo2 -->
