<?xml version="1.0" encoding="UTF-8"?>
<!-- Generated by org.testng.reporters.JUnitReportReporter -->
<testsuite skipped="0" hostname="DESKTOP-ISRA4DV" name="testng.Dataprov" tests="2" failures="0" timestamp="30 Jan 2019 10:19:15 GMT" time="0.015" errors="0">
  <testcase name="datapro" time="0.000" classname="testng.Dataprov"/>
  <testcase name="datapro" time="0.015" classname="testng.Dataprov"/>
</testsuite> <!-- testng.Dataprov -->
