<?xml version="1.0" encoding="UTF-8"?>
<!-- Generated by org.testng.reporters.JUnitReportReporter -->
<testsuite skipped="0" hostname="DESKTOP-ISRA4DV" name="testng.DataMain" tests="1" failures="0" timestamp="30 Jan 2019 10:44:17 GMT" time="0.016" errors="0">
  <testcase name="datapro" time="0.016" classname="testng.DataMain"/>
</testsuite> <!-- testng.DataMain -->
