<?xml version="1.0" encoding="UTF-8"?>
<!-- Generated by org.testng.reporters.JUnitReportReporter -->
<testsuite skipped="0" hostname="DESKTOP-ISRA4DV" name="testng.Demo1" tests="1" failures="0" timestamp="25 Jan 2019 11:21:45 GMT" time="0.015" errors="0">
  <testcase name="test2" time="0.015" classname="testng.Demo1"/>
</testsuite> <!-- testng.Demo1 -->
